Terminals unused in grammar

    T_TYPES_HASH_MAX_SIZE
    T_TYPES_HASH_MAX_SIZE_VALUE


Grammar

    0 $accept: servers $end

    1 servers: servers server
    2        | server
    3        | user
    4        | group
    5        | worker_processes
    6        | pid
    7        | events
    8        | http

    9 events: T_EVENTS '{' event_body_list '}'

   10 event_body_list: worker_connections
   11                | multi_accept

   12 server_body: T_SERVER_NAME server_name_values ';'
   13            | T_SERVER_ROOT T_SERVER_ROOT_PATH ';'
   14            | error_log
   15            | T_LOCATION location_optional_regexp_path T_LOCATION_PATH '{' location_body_list '}'
   16            | T_LOCATION T_LOCATION_PATH_EQUAL T_LOCATION_PATH '{' location_body_list '}'
   17            | listen
   18            | add_header
   19            | index
   20            | charset
   21            | error_page
   22            | deny
   23            | include
   24            | return
   25            | rewrite
   26            | log_not_found
   27            | access_log

   28 location_body: T_RETURN T_RETURN_CODE optional_return_body ';'
   29              | T_FAST_CGI_PATH T_FAST_CGI_PATH_PATH ';'
   30              | T_FAST_CGI_SPLIT_PATH_INFO T_FAST_CGI_SPLIT_PATH_INFO_PATH ';'
   31              | T_FAST_CGI_PARAM T_FAST_CGI_PARAM_KEY T_FAST_CGI_PARAM_VALUE ';'
   32              | T_INCLUDE T_INCLUDE_PATH ';'
   33              | T_INTERNAL ';'
   34              | T_TRY_FILES try_files_path_list ';'
   35              | deny
   36              | hide_header
   37              | add_header
   38              | error_page
   39              | access_log
   40              | log_not_found

   41 http_body: ε
   42          | servers
   43          | sendfile
   44          | types_hash
   45          | server_tokens
   46          | server_names_hash_bucket_size
   47          | ssl_protocols
   48          | ssl_prefer_server_ciphers
   49          | access_log
   50          | error_log
   51          | gzip
   52          | include
   53          | tcp_nopush
   54          | default_type

   55 worker_processes: T_WORKER_PROCESSES T_WORKER_PROCESSES_VALUE ';'

   56 http: T_HTTP '{' http_body '}'

   57 worker_connections: T_WORKER_CONNECTIONS T_WORKER_CONNECTIONS_VALUE ';'

   58 tcp_nopush: T_TCP_NOPUSH T_TCP_NOPUSH_VALUE ';'

   59 server: T_SERVER '{' server_body_list '}'

   60 pid: T_PID T_PID_VALUE ';'

   61 rewrite: T_REWRITE T_REWRITE_REGEX T_REWRITE_REPLACEMENT T_REWRITE_FLAG ';'

   62 deny: T_DENY T_DENY_VALUE ';'

   63 hide_header: T_FAST_CGI_HIDE_HEADER T_FAST_CGI_HIDE_HEADER_KEY ';'

   64 gzip: T_GZIP T_GZIP_VALUE ';'

   65 sendfile: T_SENDFILE T_SENDFILE_VALUE ';'

   66 types_hash: T_TYPES_HASH T_TYPES_HASH_VALUE ';'

   67 server_tokens: T_SERVER_TOKENS T_SERVER_TOKENS_VALUE ';'

   68 server_names_hash_bucket_size: T_SERVER_NAMES_HASH_BUCKET_SIZE T_SERVER_NAMES_HASH_BUCKET_SIZE_VALUE ';'

   69 ssl_protocols: T_SSL_PROTOCOLS T_SSL_PROTOCOLS_VALUE ';'
   70              | T_SSL_PROTOCOLS T_SSL_PROTOCOLS_VALUE T_SSL_PROTOCOLS_VALUE2 ';'
   71              | T_SSL_PROTOCOLS T_SSL_PROTOCOLS_VALUE T_SSL_PROTOCOLS_VALUE2 T_SSL_PROTOCOLS_VALUE3 ';'
   72              | T_SSL_PROTOCOLS T_SSL_PROTOCOLS_VALUE T_SSL_PROTOCOLS_VALUE2 T_SSL_PROTOCOLS_VALUE3 T_SSL_PROTOCOLS_VALUE4 ';'

   73 ssl_prefer_server_ciphers: T_SSL_PREFER_SERVER_CIPHERS T_SSL_PREFER_SERVER_CIPHERS_VALUE ';'

   74 default_type: T_DEFAULT_TYPE T_DEFAULT_TYPE_VALUE ';'

   75 listen: T_LISTEN T_LISTEN_VALUE ';'
   76       | T_LISTEN T_LISTEN_VALUE T_LISTEN_VALUE_DEFAULT ';'

   77 server_name_values: T_SERVER_NAME_VALUE
   78                   | server_name_values T_SERVER_NAME_VALUE

   79 error_log: T_ERROR_LOG T_ERROR_LOG_PATH ';'

   80 user: T_USER T_USER_VALUE ';'

   81 group: T_GROUP T_GROUP_VALUE ';'

   82 location_optional_regexp_path: ε
   83                              | T_LOCATION_PATH_REGEXP

   84 add_header: T_ADD_HEADER T_ADD_HEADER_KEY T_ADD_HEADER_VALUE ';'

   85 index: T_INDEX T_INDEX_VALUE ';'

   86 access_log: T_ACCESS_LOG T_ACCESS_LOG_PATH ';'

   87 log_not_found: T_LOG_NOT_FOUND T_LOG_NOT_FOUND_VALUE ';'

   88 charset: T_CHARSET T_CHARSET_VALUE ';'

   89 error_page: T_ERROR_PAGE T_ERROR_PAGE_CODE T_ERROR_PAGE_URI ';'

   90 include: T_INCLUDE T_INCLUDE_PATH ';'

   91 return: T_RETURN T_RETURN_CODE optional_return_body ';'

   92 multi_accept: T_MULTI_ACCEPT T_MULTI_ACCEPT_VALUE ';'

   93 server_body_list: server_body_list server_body
   94                 | ε

   95 optional_return_body: ε
   96                     | T_RETURN_BODY

   97 try_files_path_list: T_TRY_FILES_PATH
   98                    | try_files_path_list T_TRY_FILES_PATH

   99 location_body_list: location_body_list location_body
  100                   | ε


Terminals, with rules where they appear

    $end (0) 0
    ';' (59) 12 13 28 29 30 31 32 33 34 55 57 58 60 61 62 63 64 65 66 67 68 69 70 71 72 73 74 75 76 79 80 81 84 85 86 87 88 89 90 91 92
    '{' (123) 9 15 16 56 59
    '}' (125) 9 15 16 56 59
    error (256)
    T_SERVER (258) 59
    T_LISTEN (259) 75 76
    T_LISTEN_VALUE (260) 75 76
    T_LISTEN_VALUE_DEFAULT (261) 76
    T_SERVER_NAME (262) 12
    T_SERVER_NAME_VALUE (263) 77 78
    T_SERVER_ROOT (264) 13
    T_SERVER_ROOT_PATH (265) 13
    T_LOCATION (266) 15 16
    T_LOCATION_PATH (267) 15 16
    T_LOCATION_PATH_REGEXP (268) 83
    T_RETURN (269) 28 91
    T_RETURN_CODE (270) 28 91
    T_RETURN_BODY (271) 96
    T_REWRITE (272) 61
    T_REWRITE_REGEX (273) 61
    T_REWRITE_REPLACEMENT (274) 61
    T_REWRITE_FLAG (275) 61
    T_ERROR_LOG (276) 79
    T_ERROR_LOG_PATH (277) 79
    T_ACCESS_LOG (278) 86
    T_ACCESS_LOG_PATH (279) 86
    T_FAST_CGI_PATH (280) 29
    T_FAST_CGI_PATH_PATH (281) 29
    T_FAST_CGI_SPLIT_PATH_INFO (282) 30
    T_FAST_CGI_SPLIT_PATH_INFO_PATH (283) 30
    T_FAST_CGI_PARAM (284) 31
    T_FAST_CGI_PARAM_KEY (285) 31
    T_FAST_CGI_PARAM_VALUE (286) 31
    T_FAST_CGI_HIDE_HEADER (287) 63
    T_FAST_CGI_HIDE_HEADER_KEY (288) 63
    T_INCLUDE (289) 32 90
    T_INCLUDE_PATH (290) 32 90
    T_INTERNAL (291) 33
    T_TRY_FILES (292) 34
    T_TRY_FILES_PATH (293) 97 98
    T_ADD_HEADER (294) 84
    T_ADD_HEADER_KEY (295) 84
    T_ADD_HEADER_VALUE (296) 84
    T_INDEX (297) 85
    T_INDEX_VALUE (298) 85
    T_CHARSET (299) 88
    T_CHARSET_VALUE (300) 88
    T_ERROR_PAGE (301) 89
    T_ERROR_PAGE_CODE (302) 89
    T_ERROR_PAGE_URI (303) 89
    T_DENY (304) 62
    T_DENY_VALUE (305) 62
    T_LOCATION_PATH_EQUAL (306) 16
    T_LOG_NOT_FOUND (307) 87
    T_LOG_NOT_FOUND_VALUE (308) 87
    T_USER (309) 80
    T_USER_VALUE (310) 80
    T_GROUP (311) 81
    T_GROUP_VALUE (312) 81
    T_WORKER_PROCESSES (313) 55
    T_WORKER_PROCESSES_VALUE (314) 55
    T_PID (315) 60
    T_PID_VALUE (316) 60
    T_EVENTS (317) 9
    T_MULTI_ACCEPT (318) 92
    T_MULTI_ACCEPT_VALUE (319) 92
    T_WORKER_CONNECTIONS (320) 57
    T_WORKER_CONNECTIONS_VALUE (321) 57
    T_GZIP (322) 64
    T_GZIP_VALUE (323) 64
    T_SENDFILE (324) 65
    T_SENDFILE_VALUE (325) 65
    T_TYPES_HASH (326) 66
    T_TYPES_HASH_VALUE (327) 66
    T_SERVER_TOKENS (328) 67
    T_SERVER_TOKENS_VALUE (329) 67
    T_SERVER_NAMES_HASH_BUCKET_SIZE (330) 68
    T_SERVER_NAMES_HASH_BUCKET_SIZE_VALUE (331) 68
    T_SSL_PROTOCOLS (332) 69 70 71 72
    T_SSL_PROTOCOLS_VALUE (333) 69 70 71 72
    T_SSL_PROTOCOLS_VALUE2 (334) 70 71 72
    T_SSL_PROTOCOLS_VALUE3 (335) 71 72
    T_SSL_PROTOCOLS_VALUE4 (336) 72
    T_SSL_PREFER_SERVER_CIPHERS (337) 73
    T_SSL_PREFER_SERVER_CIPHERS_VALUE (338) 73
    T_HTTP (339) 56
    T_TCP_NOPUSH (340) 58
    T_TCP_NOPUSH_VALUE (341) 58
    T_TYPES_HASH_MAX_SIZE (342)
    T_TYPES_HASH_MAX_SIZE_VALUE (343)
    T_DEFAULT_TYPE (344) 74
    T_DEFAULT_TYPE_VALUE (345) 74


Nonterminals, with rules where they appear

    $accept (94)
        on left: 0
    servers (95)
        on left: 1 2 3 4 5 6 7 8
        on right: 0 1 42
    events (96)
        on left: 9
        on right: 7
    event_body_list (97)
        on left: 10 11
        on right: 9
    server_body (98)
        on left: 12 13 14 15 16 17 18 19 20 21 22 23 24 25 26 27
        on right: 93
    location_body (99)
        on left: 28 29 30 31 32 33 34 35 36 37 38 39 40
        on right: 99
    http_body (100)
        on left: 41 42 43 44 45 46 47 48 49 50 51 52 53 54
        on right: 56
    worker_processes (101)
        on left: 55
        on right: 5
    http (102)
        on left: 56
        on right: 8
    worker_connections (103)
        on left: 57
        on right: 10
    tcp_nopush (104)
        on left: 58
        on right: 53
    server (105)
        on left: 59
        on right: 1 2
    pid (106)
        on left: 60
        on right: 6
    rewrite (107)
        on left: 61
        on right: 25
    deny (108)
        on left: 62
        on right: 22 35
    hide_header (109)
        on left: 63
        on right: 36
    gzip (110)
        on left: 64
        on right: 51
    sendfile (111)
        on left: 65
        on right: 43
    types_hash (112)
        on left: 66
        on right: 44
    server_tokens (113)
        on left: 67
        on right: 45
    server_names_hash_bucket_size (114)
        on left: 68
        on right: 46
    ssl_protocols (115)
        on left: 69 70 71 72
        on right: 47
    ssl_prefer_server_ciphers (116)
        on left: 73
        on right: 48
    default_type (117)
        on left: 74
        on right: 54
    listen (118)
        on left: 75 76
        on right: 17
    server_name_values (119)
        on left: 77 78
        on right: 12 78
    error_log (120)
        on left: 79
        on right: 14 50
    user (121)
        on left: 80
        on right: 3
    group (122)
        on left: 81
        on right: 4
    location_optional_regexp_path (123)
        on left: 82 83
        on right: 15
    add_header (124)
        on left: 84
        on right: 18 37
    index (125)
        on left: 85
        on right: 19
    access_log (126)
        on left: 86
        on right: 27 39 49
    log_not_found (127)
        on left: 87
        on right: 26 40
    charset (128)
        on left: 88
        on right: 20
    error_page (129)
        on left: 89
        on right: 21 38
    include (130)
        on left: 90
        on right: 23 52
    return (131)
        on left: 91
        on right: 24
    multi_accept (132)
        on left: 92
        on right: 11
    server_body_list (133)
        on left: 93 94
        on right: 59 93
    optional_return_body (134)
        on left: 95 96
        on right: 28 91
    try_files_path_list (135)
        on left: 97 98
        on right: 34 98
    location_body_list (136)
        on left: 99 100
        on right: 15 16 99


State 0

    0 $accept: • servers $end

    T_SERVER            shift, and go to state 1
    T_USER              shift, and go to state 2
    T_GROUP             shift, and go to state 3
    T_WORKER_PROCESSES  shift, and go to state 4
    T_PID               shift, and go to state 5
    T_EVENTS            shift, and go to state 6
    T_HTTP              shift, and go to state 7

    servers           go to state 8
    events            go to state 9
    worker_processes  go to state 10
    http              go to state 11
    server            go to state 12
    pid               go to state 13
    user              go to state 14
    group             go to state 15


State 1

   59 server: T_SERVER • '{' server_body_list '}'

    '{'  shift, and go to state 16


State 2

   80 user: T_USER • T_USER_VALUE ';'

    T_USER_VALUE  shift, and go to state 17


State 3

   81 group: T_GROUP • T_GROUP_VALUE ';'

    T_GROUP_VALUE  shift, and go to state 18


State 4

   55 worker_processes: T_WORKER_PROCESSES • T_WORKER_PROCESSES_VALUE ';'

    T_WORKER_PROCESSES_VALUE  shift, and go to state 19


State 5

   60 pid: T_PID • T_PID_VALUE ';'

    T_PID_VALUE  shift, and go to state 20


State 6

    9 events: T_EVENTS • '{' event_body_list '}'

    '{'  shift, and go to state 21


State 7

   56 http: T_HTTP • '{' http_body '}'

    '{'  shift, and go to state 22


State 8

    0 $accept: servers • $end
    1 servers: servers • server

    $end      shift, and go to state 23
    T_SERVER  shift, and go to state 1

    server  go to state 24


State 9

    7 servers: events •

    $default  reduce using rule 7 (servers)


State 10

    5 servers: worker_processes •

    $default  reduce using rule 5 (servers)


State 11

    8 servers: http •

    $default  reduce using rule 8 (servers)


State 12

    2 servers: server •

    $default  reduce using rule 2 (servers)


State 13

    6 servers: pid •

    $default  reduce using rule 6 (servers)


State 14

    3 servers: user •

    $default  reduce using rule 3 (servers)


State 15

    4 servers: group •

    $default  reduce using rule 4 (servers)


State 16

   59 server: T_SERVER '{' • server_body_list '}'

    $default  reduce using rule 94 (server_body_list)

    server_body_list  go to state 25


State 17

   80 user: T_USER T_USER_VALUE • ';'

    ';'  shift, and go to state 26


State 18

   81 group: T_GROUP T_GROUP_VALUE • ';'

    ';'  shift, and go to state 27


State 19

   55 worker_processes: T_WORKER_PROCESSES T_WORKER_PROCESSES_VALUE • ';'

    ';'  shift, and go to state 28


State 20

   60 pid: T_PID T_PID_VALUE • ';'

    ';'  shift, and go to state 29


State 21

    9 events: T_EVENTS '{' • event_body_list '}'

    T_MULTI_ACCEPT        shift, and go to state 30
    T_WORKER_CONNECTIONS  shift, and go to state 31

    event_body_list     go to state 32
    worker_connections  go to state 33
    multi_accept        go to state 34


State 22

   56 http: T_HTTP '{' • http_body '}'

    T_SERVER                         shift, and go to state 1
    T_ERROR_LOG                      shift, and go to state 35
    T_ACCESS_LOG                     shift, and go to state 36
    T_INCLUDE                        shift, and go to state 37
    T_USER                           shift, and go to state 2
    T_GROUP                          shift, and go to state 3
    T_WORKER_PROCESSES               shift, and go to state 4
    T_PID                            shift, and go to state 5
    T_EVENTS                         shift, and go to state 6
    T_GZIP                           shift, and go to state 38
    T_SENDFILE                       shift, and go to state 39
    T_TYPES_HASH                     shift, and go to state 40
    T_SERVER_TOKENS                  shift, and go to state 41
    T_SERVER_NAMES_HASH_BUCKET_SIZE  shift, and go to state 42
    T_SSL_PROTOCOLS                  shift, and go to state 43
    T_SSL_PREFER_SERVER_CIPHERS      shift, and go to state 44
    T_HTTP                           shift, and go to state 7
    T_TCP_NOPUSH                     shift, and go to state 45
    T_DEFAULT_TYPE                   shift, and go to state 46

    $default  reduce using rule 41 (http_body)

    servers                        go to state 47
    events                         go to state 9
    http_body                      go to state 48
    worker_processes               go to state 10
    http                           go to state 11
    tcp_nopush                     go to state 49
    server                         go to state 12
    pid                            go to state 13
    gzip                           go to state 50
    sendfile                       go to state 51
    types_hash                     go to state 52
    server_tokens                  go to state 53
    server_names_hash_bucket_size  go to state 54
    ssl_protocols                  go to state 55
    ssl_prefer_server_ciphers      go to state 56
    default_type                   go to state 57
    error_log                      go to state 58
    user                           go to state 14
    group                          go to state 15
    access_log                     go to state 59
    include                        go to state 60


State 23

    0 $accept: servers $end •

    $default  accept


State 24

    1 servers: servers server •

    $default  reduce using rule 1 (servers)


State 25

   59 server: T_SERVER '{' server_body_list • '}'
   93 server_body_list: server_body_list • server_body

    T_LISTEN         shift, and go to state 61
    T_SERVER_NAME    shift, and go to state 62
    T_SERVER_ROOT    shift, and go to state 63
    T_LOCATION       shift, and go to state 64
    T_RETURN         shift, and go to state 65
    T_REWRITE        shift, and go to state 66
    T_ERROR_LOG      shift, and go to state 35
    T_ACCESS_LOG     shift, and go to state 36
    T_INCLUDE        shift, and go to state 37
    T_ADD_HEADER     shift, and go to state 67
    T_INDEX          shift, and go to state 68
    T_CHARSET        shift, and go to state 69
    T_ERROR_PAGE     shift, and go to state 70
    T_DENY           shift, and go to state 71
    T_LOG_NOT_FOUND  shift, and go to state 72
    '}'              shift, and go to state 73

    server_body    go to state 74
    rewrite        go to state 75
    deny           go to state 76
    listen         go to state 77
    error_log      go to state 78
    add_header     go to state 79
    index          go to state 80
    access_log     go to state 81
    log_not_found  go to state 82
    charset        go to state 83
    error_page     go to state 84
    include        go to state 85
    return         go to state 86


State 26

   80 user: T_USER T_USER_VALUE ';' •

    $default  reduce using rule 80 (user)


State 27

   81 group: T_GROUP T_GROUP_VALUE ';' •

    $default  reduce using rule 81 (group)


State 28

   55 worker_processes: T_WORKER_PROCESSES T_WORKER_PROCESSES_VALUE ';' •

    $default  reduce using rule 55 (worker_processes)


State 29

   60 pid: T_PID T_PID_VALUE ';' •

    $default  reduce using rule 60 (pid)


State 30

   92 multi_accept: T_MULTI_ACCEPT • T_MULTI_ACCEPT_VALUE ';'

    T_MULTI_ACCEPT_VALUE  shift, and go to state 87


State 31

   57 worker_connections: T_WORKER_CONNECTIONS • T_WORKER_CONNECTIONS_VALUE ';'

    T_WORKER_CONNECTIONS_VALUE  shift, and go to state 88


State 32

    9 events: T_EVENTS '{' event_body_list • '}'

    '}'  shift, and go to state 89


State 33

   10 event_body_list: worker_connections •

    $default  reduce using rule 10 (event_body_list)


State 34

   11 event_body_list: multi_accept •

    $default  reduce using rule 11 (event_body_list)


State 35

   79 error_log: T_ERROR_LOG • T_ERROR_LOG_PATH ';'

    T_ERROR_LOG_PATH  shift, and go to state 90


State 36

   86 access_log: T_ACCESS_LOG • T_ACCESS_LOG_PATH ';'

    T_ACCESS_LOG_PATH  shift, and go to state 91


State 37

   90 include: T_INCLUDE • T_INCLUDE_PATH ';'

    T_INCLUDE_PATH  shift, and go to state 92


State 38

   64 gzip: T_GZIP • T_GZIP_VALUE ';'

    T_GZIP_VALUE  shift, and go to state 93


State 39

   65 sendfile: T_SENDFILE • T_SENDFILE_VALUE ';'

    T_SENDFILE_VALUE  shift, and go to state 94


State 40

   66 types_hash: T_TYPES_HASH • T_TYPES_HASH_VALUE ';'

    T_TYPES_HASH_VALUE  shift, and go to state 95


State 41

   67 server_tokens: T_SERVER_TOKENS • T_SERVER_TOKENS_VALUE ';'

    T_SERVER_TOKENS_VALUE  shift, and go to state 96


State 42

   68 server_names_hash_bucket_size: T_SERVER_NAMES_HASH_BUCKET_SIZE • T_SERVER_NAMES_HASH_BUCKET_SIZE_VALUE ';'

    T_SERVER_NAMES_HASH_BUCKET_SIZE_VALUE  shift, and go to state 97


State 43

   69 ssl_protocols: T_SSL_PROTOCOLS • T_SSL_PROTOCOLS_VALUE ';'
   70              | T_SSL_PROTOCOLS • T_SSL_PROTOCOLS_VALUE T_SSL_PROTOCOLS_VALUE2 ';'
   71              | T_SSL_PROTOCOLS • T_SSL_PROTOCOLS_VALUE T_SSL_PROTOCOLS_VALUE2 T_SSL_PROTOCOLS_VALUE3 ';'
   72              | T_SSL_PROTOCOLS • T_SSL_PROTOCOLS_VALUE T_SSL_PROTOCOLS_VALUE2 T_SSL_PROTOCOLS_VALUE3 T_SSL_PROTOCOLS_VALUE4 ';'

    T_SSL_PROTOCOLS_VALUE  shift, and go to state 98


State 44

   73 ssl_prefer_server_ciphers: T_SSL_PREFER_SERVER_CIPHERS • T_SSL_PREFER_SERVER_CIPHERS_VALUE ';'

    T_SSL_PREFER_SERVER_CIPHERS_VALUE  shift, and go to state 99


State 45

   58 tcp_nopush: T_TCP_NOPUSH • T_TCP_NOPUSH_VALUE ';'

    T_TCP_NOPUSH_VALUE  shift, and go to state 100


State 46

   74 default_type: T_DEFAULT_TYPE • T_DEFAULT_TYPE_VALUE ';'

    T_DEFAULT_TYPE_VALUE  shift, and go to state 101


State 47

    1 servers: servers • server
   42 http_body: servers •

    T_SERVER  shift, and go to state 1

    $default  reduce using rule 42 (http_body)

    server  go to state 24


State 48

   56 http: T_HTTP '{' http_body • '}'

    '}'  shift, and go to state 102


State 49

   53 http_body: tcp_nopush •

    $default  reduce using rule 53 (http_body)


State 50

   51 http_body: gzip •

    $default  reduce using rule 51 (http_body)


State 51

   43 http_body: sendfile •

    $default  reduce using rule 43 (http_body)


State 52

   44 http_body: types_hash •

    $default  reduce using rule 44 (http_body)


State 53

   45 http_body: server_tokens •

    $default  reduce using rule 45 (http_body)


State 54

   46 http_body: server_names_hash_bucket_size •

    $default  reduce using rule 46 (http_body)


State 55

   47 http_body: ssl_protocols •

    $default  reduce using rule 47 (http_body)


State 56

   48 http_body: ssl_prefer_server_ciphers •

    $default  reduce using rule 48 (http_body)


State 57

   54 http_body: default_type •

    $default  reduce using rule 54 (http_body)


State 58

   50 http_body: error_log •

    $default  reduce using rule 50 (http_body)


State 59

   49 http_body: access_log •

    $default  reduce using rule 49 (http_body)


State 60

   52 http_body: include •

    $default  reduce using rule 52 (http_body)


State 61

   75 listen: T_LISTEN • T_LISTEN_VALUE ';'
   76       | T_LISTEN • T_LISTEN_VALUE T_LISTEN_VALUE_DEFAULT ';'

    T_LISTEN_VALUE  shift, and go to state 103


State 62

   12 server_body: T_SERVER_NAME • server_name_values ';'

    T_SERVER_NAME_VALUE  shift, and go to state 104

    server_name_values  go to state 105


State 63

   13 server_body: T_SERVER_ROOT • T_SERVER_ROOT_PATH ';'

    T_SERVER_ROOT_PATH  shift, and go to state 106


State 64

   15 server_body: T_LOCATION • location_optional_regexp_path T_LOCATION_PATH '{' location_body_list '}'
   16            | T_LOCATION • T_LOCATION_PATH_EQUAL T_LOCATION_PATH '{' location_body_list '}'

    T_LOCATION_PATH_REGEXP  shift, and go to state 107
    T_LOCATION_PATH_EQUAL   shift, and go to state 108

    $default  reduce using rule 82 (location_optional_regexp_path)

    location_optional_regexp_path  go to state 109


State 65

   91 return: T_RETURN • T_RETURN_CODE optional_return_body ';'

    T_RETURN_CODE  shift, and go to state 110


State 66

   61 rewrite: T_REWRITE • T_REWRITE_REGEX T_REWRITE_REPLACEMENT T_REWRITE_FLAG ';'

    T_REWRITE_REGEX  shift, and go to state 111


State 67

   84 add_header: T_ADD_HEADER • T_ADD_HEADER_KEY T_ADD_HEADER_VALUE ';'

    T_ADD_HEADER_KEY  shift, and go to state 112


State 68

   85 index: T_INDEX • T_INDEX_VALUE ';'

    T_INDEX_VALUE  shift, and go to state 113


State 69

   88 charset: T_CHARSET • T_CHARSET_VALUE ';'

    T_CHARSET_VALUE  shift, and go to state 114


State 70

   89 error_page: T_ERROR_PAGE • T_ERROR_PAGE_CODE T_ERROR_PAGE_URI ';'

    T_ERROR_PAGE_CODE  shift, and go to state 115


State 71

   62 deny: T_DENY • T_DENY_VALUE ';'

    T_DENY_VALUE  shift, and go to state 116


State 72

   87 log_not_found: T_LOG_NOT_FOUND • T_LOG_NOT_FOUND_VALUE ';'

    T_LOG_NOT_FOUND_VALUE  shift, and go to state 117


State 73

   59 server: T_SERVER '{' server_body_list '}' •

    $default  reduce using rule 59 (server)


State 74

   93 server_body_list: server_body_list server_body •

    $default  reduce using rule 93 (server_body_list)


State 75

   25 server_body: rewrite •

    $default  reduce using rule 25 (server_body)


State 76

   22 server_body: deny •

    $default  reduce using rule 22 (server_body)


State 77

   17 server_body: listen •

    $default  reduce using rule 17 (server_body)


State 78

   14 server_body: error_log •

    $default  reduce using rule 14 (server_body)


State 79

   18 server_body: add_header •

    $default  reduce using rule 18 (server_body)


State 80

   19 server_body: index •

    $default  reduce using rule 19 (server_body)


State 81

   27 server_body: access_log •

    $default  reduce using rule 27 (server_body)


State 82

   26 server_body: log_not_found •

    $default  reduce using rule 26 (server_body)


State 83

   20 server_body: charset •

    $default  reduce using rule 20 (server_body)


State 84

   21 server_body: error_page •

    $default  reduce using rule 21 (server_body)


State 85

   23 server_body: include •

    $default  reduce using rule 23 (server_body)


State 86

   24 server_body: return •

    $default  reduce using rule 24 (server_body)


State 87

   92 multi_accept: T_MULTI_ACCEPT T_MULTI_ACCEPT_VALUE • ';'

    ';'  shift, and go to state 118


State 88

   57 worker_connections: T_WORKER_CONNECTIONS T_WORKER_CONNECTIONS_VALUE • ';'

    ';'  shift, and go to state 119


State 89

    9 events: T_EVENTS '{' event_body_list '}' •

    $default  reduce using rule 9 (events)


State 90

   79 error_log: T_ERROR_LOG T_ERROR_LOG_PATH • ';'

    ';'  shift, and go to state 120


State 91

   86 access_log: T_ACCESS_LOG T_ACCESS_LOG_PATH • ';'

    ';'  shift, and go to state 121


State 92

   90 include: T_INCLUDE T_INCLUDE_PATH • ';'

    ';'  shift, and go to state 122


State 93

   64 gzip: T_GZIP T_GZIP_VALUE • ';'

    ';'  shift, and go to state 123


State 94

   65 sendfile: T_SENDFILE T_SENDFILE_VALUE • ';'

    ';'  shift, and go to state 124


State 95

   66 types_hash: T_TYPES_HASH T_TYPES_HASH_VALUE • ';'

    ';'  shift, and go to state 125


State 96

   67 server_tokens: T_SERVER_TOKENS T_SERVER_TOKENS_VALUE • ';'

    ';'  shift, and go to state 126


State 97

   68 server_names_hash_bucket_size: T_SERVER_NAMES_HASH_BUCKET_SIZE T_SERVER_NAMES_HASH_BUCKET_SIZE_VALUE • ';'

    ';'  shift, and go to state 127


State 98

   69 ssl_protocols: T_SSL_PROTOCOLS T_SSL_PROTOCOLS_VALUE • ';'
   70              | T_SSL_PROTOCOLS T_SSL_PROTOCOLS_VALUE • T_SSL_PROTOCOLS_VALUE2 ';'
   71              | T_SSL_PROTOCOLS T_SSL_PROTOCOLS_VALUE • T_SSL_PROTOCOLS_VALUE2 T_SSL_PROTOCOLS_VALUE3 ';'
   72              | T_SSL_PROTOCOLS T_SSL_PROTOCOLS_VALUE • T_SSL_PROTOCOLS_VALUE2 T_SSL_PROTOCOLS_VALUE3 T_SSL_PROTOCOLS_VALUE4 ';'

    T_SSL_PROTOCOLS_VALUE2  shift, and go to state 128
    ';'                     shift, and go to state 129


State 99

   73 ssl_prefer_server_ciphers: T_SSL_PREFER_SERVER_CIPHERS T_SSL_PREFER_SERVER_CIPHERS_VALUE • ';'

    ';'  shift, and go to state 130


State 100

   58 tcp_nopush: T_TCP_NOPUSH T_TCP_NOPUSH_VALUE • ';'

    ';'  shift, and go to state 131


State 101

   74 default_type: T_DEFAULT_TYPE T_DEFAULT_TYPE_VALUE • ';'

    ';'  shift, and go to state 132


State 102

   56 http: T_HTTP '{' http_body '}' •

    $default  reduce using rule 56 (http)


State 103

   75 listen: T_LISTEN T_LISTEN_VALUE • ';'
   76       | T_LISTEN T_LISTEN_VALUE • T_LISTEN_VALUE_DEFAULT ';'

    T_LISTEN_VALUE_DEFAULT  shift, and go to state 133
    ';'                     shift, and go to state 134


State 104

   77 server_name_values: T_SERVER_NAME_VALUE •

    $default  reduce using rule 77 (server_name_values)


State 105

   12 server_body: T_SERVER_NAME server_name_values • ';'
   78 server_name_values: server_name_values • T_SERVER_NAME_VALUE

    T_SERVER_NAME_VALUE  shift, and go to state 135
    ';'                  shift, and go to state 136


State 106

   13 server_body: T_SERVER_ROOT T_SERVER_ROOT_PATH • ';'

    ';'  shift, and go to state 137


State 107

   83 location_optional_regexp_path: T_LOCATION_PATH_REGEXP •

    $default  reduce using rule 83 (location_optional_regexp_path)


State 108

   16 server_body: T_LOCATION T_LOCATION_PATH_EQUAL • T_LOCATION_PATH '{' location_body_list '}'

    T_LOCATION_PATH  shift, and go to state 138


State 109

   15 server_body: T_LOCATION location_optional_regexp_path • T_LOCATION_PATH '{' location_body_list '}'

    T_LOCATION_PATH  shift, and go to state 139


State 110

   91 return: T_RETURN T_RETURN_CODE • optional_return_body ';'

    T_RETURN_BODY  shift, and go to state 140

    $default  reduce using rule 95 (optional_return_body)

    optional_return_body  go to state 141


State 111

   61 rewrite: T_REWRITE T_REWRITE_REGEX • T_REWRITE_REPLACEMENT T_REWRITE_FLAG ';'

    T_REWRITE_REPLACEMENT  shift, and go to state 142


State 112

   84 add_header: T_ADD_HEADER T_ADD_HEADER_KEY • T_ADD_HEADER_VALUE ';'

    T_ADD_HEADER_VALUE  shift, and go to state 143


State 113

   85 index: T_INDEX T_INDEX_VALUE • ';'

    ';'  shift, and go to state 144


State 114

   88 charset: T_CHARSET T_CHARSET_VALUE • ';'

    ';'  shift, and go to state 145


State 115

   89 error_page: T_ERROR_PAGE T_ERROR_PAGE_CODE • T_ERROR_PAGE_URI ';'

    T_ERROR_PAGE_URI  shift, and go to state 146


State 116

   62 deny: T_DENY T_DENY_VALUE • ';'

    ';'  shift, and go to state 147


State 117

   87 log_not_found: T_LOG_NOT_FOUND T_LOG_NOT_FOUND_VALUE • ';'

    ';'  shift, and go to state 148


State 118

   92 multi_accept: T_MULTI_ACCEPT T_MULTI_ACCEPT_VALUE ';' •

    $default  reduce using rule 92 (multi_accept)


State 119

   57 worker_connections: T_WORKER_CONNECTIONS T_WORKER_CONNECTIONS_VALUE ';' •

    $default  reduce using rule 57 (worker_connections)


State 120

   79 error_log: T_ERROR_LOG T_ERROR_LOG_PATH ';' •

    $default  reduce using rule 79 (error_log)


State 121

   86 access_log: T_ACCESS_LOG T_ACCESS_LOG_PATH ';' •

    $default  reduce using rule 86 (access_log)


State 122

   90 include: T_INCLUDE T_INCLUDE_PATH ';' •

    $default  reduce using rule 90 (include)


State 123

   64 gzip: T_GZIP T_GZIP_VALUE ';' •

    $default  reduce using rule 64 (gzip)


State 124

   65 sendfile: T_SENDFILE T_SENDFILE_VALUE ';' •

    $default  reduce using rule 65 (sendfile)


State 125

   66 types_hash: T_TYPES_HASH T_TYPES_HASH_VALUE ';' •

    $default  reduce using rule 66 (types_hash)


State 126

   67 server_tokens: T_SERVER_TOKENS T_SERVER_TOKENS_VALUE ';' •

    $default  reduce using rule 67 (server_tokens)


State 127

   68 server_names_hash_bucket_size: T_SERVER_NAMES_HASH_BUCKET_SIZE T_SERVER_NAMES_HASH_BUCKET_SIZE_VALUE ';' •

    $default  reduce using rule 68 (server_names_hash_bucket_size)


State 128

   70 ssl_protocols: T_SSL_PROTOCOLS T_SSL_PROTOCOLS_VALUE T_SSL_PROTOCOLS_VALUE2 • ';'
   71              | T_SSL_PROTOCOLS T_SSL_PROTOCOLS_VALUE T_SSL_PROTOCOLS_VALUE2 • T_SSL_PROTOCOLS_VALUE3 ';'
   72              | T_SSL_PROTOCOLS T_SSL_PROTOCOLS_VALUE T_SSL_PROTOCOLS_VALUE2 • T_SSL_PROTOCOLS_VALUE3 T_SSL_PROTOCOLS_VALUE4 ';'

    T_SSL_PROTOCOLS_VALUE3  shift, and go to state 149
    ';'                     shift, and go to state 150


State 129

   69 ssl_protocols: T_SSL_PROTOCOLS T_SSL_PROTOCOLS_VALUE ';' •

    $default  reduce using rule 69 (ssl_protocols)


State 130

   73 ssl_prefer_server_ciphers: T_SSL_PREFER_SERVER_CIPHERS T_SSL_PREFER_SERVER_CIPHERS_VALUE ';' •

    $default  reduce using rule 73 (ssl_prefer_server_ciphers)


State 131

   58 tcp_nopush: T_TCP_NOPUSH T_TCP_NOPUSH_VALUE ';' •

    $default  reduce using rule 58 (tcp_nopush)


State 132

   74 default_type: T_DEFAULT_TYPE T_DEFAULT_TYPE_VALUE ';' •

    $default  reduce using rule 74 (default_type)


State 133

   76 listen: T_LISTEN T_LISTEN_VALUE T_LISTEN_VALUE_DEFAULT • ';'

    ';'  shift, and go to state 151


State 134

   75 listen: T_LISTEN T_LISTEN_VALUE ';' •

    $default  reduce using rule 75 (listen)


State 135

   78 server_name_values: server_name_values T_SERVER_NAME_VALUE •

    $default  reduce using rule 78 (server_name_values)


State 136

   12 server_body: T_SERVER_NAME server_name_values ';' •

    $default  reduce using rule 12 (server_body)


State 137

   13 server_body: T_SERVER_ROOT T_SERVER_ROOT_PATH ';' •

    $default  reduce using rule 13 (server_body)


State 138

   16 server_body: T_LOCATION T_LOCATION_PATH_EQUAL T_LOCATION_PATH • '{' location_body_list '}'

    '{'  shift, and go to state 152


State 139

   15 server_body: T_LOCATION location_optional_regexp_path T_LOCATION_PATH • '{' location_body_list '}'

    '{'  shift, and go to state 153


State 140

   96 optional_return_body: T_RETURN_BODY •

    $default  reduce using rule 96 (optional_return_body)


State 141

   91 return: T_RETURN T_RETURN_CODE optional_return_body • ';'

    ';'  shift, and go to state 154


State 142

   61 rewrite: T_REWRITE T_REWRITE_REGEX T_REWRITE_REPLACEMENT • T_REWRITE_FLAG ';'

    T_REWRITE_FLAG  shift, and go to state 155


State 143

   84 add_header: T_ADD_HEADER T_ADD_HEADER_KEY T_ADD_HEADER_VALUE • ';'

    ';'  shift, and go to state 156


State 144

   85 index: T_INDEX T_INDEX_VALUE ';' •

    $default  reduce using rule 85 (index)


State 145

   88 charset: T_CHARSET T_CHARSET_VALUE ';' •

    $default  reduce using rule 88 (charset)


State 146

   89 error_page: T_ERROR_PAGE T_ERROR_PAGE_CODE T_ERROR_PAGE_URI • ';'

    ';'  shift, and go to state 157


State 147

   62 deny: T_DENY T_DENY_VALUE ';' •

    $default  reduce using rule 62 (deny)


State 148

   87 log_not_found: T_LOG_NOT_FOUND T_LOG_NOT_FOUND_VALUE ';' •

    $default  reduce using rule 87 (log_not_found)


State 149

   71 ssl_protocols: T_SSL_PROTOCOLS T_SSL_PROTOCOLS_VALUE T_SSL_PROTOCOLS_VALUE2 T_SSL_PROTOCOLS_VALUE3 • ';'
   72              | T_SSL_PROTOCOLS T_SSL_PROTOCOLS_VALUE T_SSL_PROTOCOLS_VALUE2 T_SSL_PROTOCOLS_VALUE3 • T_SSL_PROTOCOLS_VALUE4 ';'

    T_SSL_PROTOCOLS_VALUE4  shift, and go to state 158
    ';'                     shift, and go to state 159


State 150

   70 ssl_protocols: T_SSL_PROTOCOLS T_SSL_PROTOCOLS_VALUE T_SSL_PROTOCOLS_VALUE2 ';' •

    $default  reduce using rule 70 (ssl_protocols)


State 151

   76 listen: T_LISTEN T_LISTEN_VALUE T_LISTEN_VALUE_DEFAULT ';' •

    $default  reduce using rule 76 (listen)


State 152

   16 server_body: T_LOCATION T_LOCATION_PATH_EQUAL T_LOCATION_PATH '{' • location_body_list '}'

    $default  reduce using rule 100 (location_body_list)

    location_body_list  go to state 160


State 153

   15 server_body: T_LOCATION location_optional_regexp_path T_LOCATION_PATH '{' • location_body_list '}'

    $default  reduce using rule 100 (location_body_list)

    location_body_list  go to state 161


State 154

   91 return: T_RETURN T_RETURN_CODE optional_return_body ';' •

    $default  reduce using rule 91 (return)


State 155

   61 rewrite: T_REWRITE T_REWRITE_REGEX T_REWRITE_REPLACEMENT T_REWRITE_FLAG • ';'

    ';'  shift, and go to state 162


State 156

   84 add_header: T_ADD_HEADER T_ADD_HEADER_KEY T_ADD_HEADER_VALUE ';' •

    $default  reduce using rule 84 (add_header)


State 157

   89 error_page: T_ERROR_PAGE T_ERROR_PAGE_CODE T_ERROR_PAGE_URI ';' •

    $default  reduce using rule 89 (error_page)


State 158

   72 ssl_protocols: T_SSL_PROTOCOLS T_SSL_PROTOCOLS_VALUE T_SSL_PROTOCOLS_VALUE2 T_SSL_PROTOCOLS_VALUE3 T_SSL_PROTOCOLS_VALUE4 • ';'

    ';'  shift, and go to state 163


State 159

   71 ssl_protocols: T_SSL_PROTOCOLS T_SSL_PROTOCOLS_VALUE T_SSL_PROTOCOLS_VALUE2 T_SSL_PROTOCOLS_VALUE3 ';' •

    $default  reduce using rule 71 (ssl_protocols)


State 160

   16 server_body: T_LOCATION T_LOCATION_PATH_EQUAL T_LOCATION_PATH '{' location_body_list • '}'
   99 location_body_list: location_body_list • location_body

    T_RETURN                    shift, and go to state 164
    T_ACCESS_LOG                shift, and go to state 36
    T_FAST_CGI_PATH             shift, and go to state 165
    T_FAST_CGI_SPLIT_PATH_INFO  shift, and go to state 166
    T_FAST_CGI_PARAM            shift, and go to state 167
    T_FAST_CGI_HIDE_HEADER      shift, and go to state 168
    T_INCLUDE                   shift, and go to state 169
    T_INTERNAL                  shift, and go to state 170
    T_TRY_FILES                 shift, and go to state 171
    T_ADD_HEADER                shift, and go to state 67
    T_ERROR_PAGE                shift, and go to state 70
    T_DENY                      shift, and go to state 71
    T_LOG_NOT_FOUND             shift, and go to state 72
    '}'                         shift, and go to state 172

    location_body  go to state 173
    deny           go to state 174
    hide_header    go to state 175
    add_header     go to state 176
    access_log     go to state 177
    log_not_found  go to state 178
    error_page     go to state 179


State 161

   15 server_body: T_LOCATION location_optional_regexp_path T_LOCATION_PATH '{' location_body_list • '}'
   99 location_body_list: location_body_list • location_body

    T_RETURN                    shift, and go to state 164
    T_ACCESS_LOG                shift, and go to state 36
    T_FAST_CGI_PATH             shift, and go to state 165
    T_FAST_CGI_SPLIT_PATH_INFO  shift, and go to state 166
    T_FAST_CGI_PARAM            shift, and go to state 167
    T_FAST_CGI_HIDE_HEADER      shift, and go to state 168
    T_INCLUDE                   shift, and go to state 169
    T_INTERNAL                  shift, and go to state 170
    T_TRY_FILES                 shift, and go to state 171
    T_ADD_HEADER                shift, and go to state 67
    T_ERROR_PAGE                shift, and go to state 70
    T_DENY                      shift, and go to state 71
    T_LOG_NOT_FOUND             shift, and go to state 72
    '}'                         shift, and go to state 180

    location_body  go to state 173
    deny           go to state 174
    hide_header    go to state 175
    add_header     go to state 176
    access_log     go to state 177
    log_not_found  go to state 178
    error_page     go to state 179


State 162

   61 rewrite: T_REWRITE T_REWRITE_REGEX T_REWRITE_REPLACEMENT T_REWRITE_FLAG ';' •

    $default  reduce using rule 61 (rewrite)


State 163

   72 ssl_protocols: T_SSL_PROTOCOLS T_SSL_PROTOCOLS_VALUE T_SSL_PROTOCOLS_VALUE2 T_SSL_PROTOCOLS_VALUE3 T_SSL_PROTOCOLS_VALUE4 ';' •

    $default  reduce using rule 72 (ssl_protocols)


State 164

   28 location_body: T_RETURN • T_RETURN_CODE optional_return_body ';'

    T_RETURN_CODE  shift, and go to state 181


State 165

   29 location_body: T_FAST_CGI_PATH • T_FAST_CGI_PATH_PATH ';'

    T_FAST_CGI_PATH_PATH  shift, and go to state 182


State 166

   30 location_body: T_FAST_CGI_SPLIT_PATH_INFO • T_FAST_CGI_SPLIT_PATH_INFO_PATH ';'

    T_FAST_CGI_SPLIT_PATH_INFO_PATH  shift, and go to state 183


State 167

   31 location_body: T_FAST_CGI_PARAM • T_FAST_CGI_PARAM_KEY T_FAST_CGI_PARAM_VALUE ';'

    T_FAST_CGI_PARAM_KEY  shift, and go to state 184


State 168

   63 hide_header: T_FAST_CGI_HIDE_HEADER • T_FAST_CGI_HIDE_HEADER_KEY ';'

    T_FAST_CGI_HIDE_HEADER_KEY  shift, and go to state 185


State 169

   32 location_body: T_INCLUDE • T_INCLUDE_PATH ';'

    T_INCLUDE_PATH  shift, and go to state 186


State 170

   33 location_body: T_INTERNAL • ';'

    ';'  shift, and go to state 187


State 171

   34 location_body: T_TRY_FILES • try_files_path_list ';'

    T_TRY_FILES_PATH  shift, and go to state 188

    try_files_path_list  go to state 189


State 172

   16 server_body: T_LOCATION T_LOCATION_PATH_EQUAL T_LOCATION_PATH '{' location_body_list '}' •

    $default  reduce using rule 16 (server_body)


State 173

   99 location_body_list: location_body_list location_body •

    $default  reduce using rule 99 (location_body_list)


State 174

   35 location_body: deny •

    $default  reduce using rule 35 (location_body)


State 175

   36 location_body: hide_header •

    $default  reduce using rule 36 (location_body)


State 176

   37 location_body: add_header •

    $default  reduce using rule 37 (location_body)


State 177

   39 location_body: access_log •

    $default  reduce using rule 39 (location_body)


State 178

   40 location_body: log_not_found •

    $default  reduce using rule 40 (location_body)


State 179

   38 location_body: error_page •

    $default  reduce using rule 38 (location_body)


State 180

   15 server_body: T_LOCATION location_optional_regexp_path T_LOCATION_PATH '{' location_body_list '}' •

    $default  reduce using rule 15 (server_body)


State 181

   28 location_body: T_RETURN T_RETURN_CODE • optional_return_body ';'

    T_RETURN_BODY  shift, and go to state 140

    $default  reduce using rule 95 (optional_return_body)

    optional_return_body  go to state 190


State 182

   29 location_body: T_FAST_CGI_PATH T_FAST_CGI_PATH_PATH • ';'

    ';'  shift, and go to state 191


State 183

   30 location_body: T_FAST_CGI_SPLIT_PATH_INFO T_FAST_CGI_SPLIT_PATH_INFO_PATH • ';'

    ';'  shift, and go to state 192


State 184

   31 location_body: T_FAST_CGI_PARAM T_FAST_CGI_PARAM_KEY • T_FAST_CGI_PARAM_VALUE ';'

    T_FAST_CGI_PARAM_VALUE  shift, and go to state 193


State 185

   63 hide_header: T_FAST_CGI_HIDE_HEADER T_FAST_CGI_HIDE_HEADER_KEY • ';'

    ';'  shift, and go to state 194


State 186

   32 location_body: T_INCLUDE T_INCLUDE_PATH • ';'

    ';'  shift, and go to state 195


State 187

   33 location_body: T_INTERNAL ';' •

    $default  reduce using rule 33 (location_body)


State 188

   97 try_files_path_list: T_TRY_FILES_PATH •

    $default  reduce using rule 97 (try_files_path_list)


State 189

   34 location_body: T_TRY_FILES try_files_path_list • ';'
   98 try_files_path_list: try_files_path_list • T_TRY_FILES_PATH

    T_TRY_FILES_PATH  shift, and go to state 196
    ';'               shift, and go to state 197


State 190

   28 location_body: T_RETURN T_RETURN_CODE optional_return_body • ';'

    ';'  shift, and go to state 198


State 191

   29 location_body: T_FAST_CGI_PATH T_FAST_CGI_PATH_PATH ';' •

    $default  reduce using rule 29 (location_body)


State 192

   30 location_body: T_FAST_CGI_SPLIT_PATH_INFO T_FAST_CGI_SPLIT_PATH_INFO_PATH ';' •

    $default  reduce using rule 30 (location_body)


State 193

   31 location_body: T_FAST_CGI_PARAM T_FAST_CGI_PARAM_KEY T_FAST_CGI_PARAM_VALUE • ';'

    ';'  shift, and go to state 199


State 194

   63 hide_header: T_FAST_CGI_HIDE_HEADER T_FAST_CGI_HIDE_HEADER_KEY ';' •

    $default  reduce using rule 63 (hide_header)


State 195

   32 location_body: T_INCLUDE T_INCLUDE_PATH ';' •

    $default  reduce using rule 32 (location_body)


State 196

   98 try_files_path_list: try_files_path_list T_TRY_FILES_PATH •

    $default  reduce using rule 98 (try_files_path_list)


State 197

   34 location_body: T_TRY_FILES try_files_path_list ';' •

    $default  reduce using rule 34 (location_body)


State 198

   28 location_body: T_RETURN T_RETURN_CODE optional_return_body ';' •

    $default  reduce using rule 28 (location_body)


State 199

   31 location_body: T_FAST_CGI_PARAM T_FAST_CGI_PARAM_KEY T_FAST_CGI_PARAM_VALUE ';' •

    $default  reduce using rule 31 (location_body)
